starlTemplate/build/outputs/logs/manifest-merger-debug-report.txt
-- Merging decision tree log ---
manifest
ADDED from src\main\AndroidManifest.xml:2:1-75:12
	package
		ADDED from src\main\AndroidManifest.xml:4:5-42
		INJECTED from src\main\AndroidManifest.xml
		INJECTED from src\main\AndroidManifest.xml
	android:versionName
		INJECTED from src\main\AndroidManifest.xml
		INJECTED from src\main\AndroidManifest.xml
	xmlns:tools
		ADDED from src\main\AndroidManifest.xml:3:5-51
	xmlns:android
		ADDED from src\main\AndroidManifest.xml:2:11-69
	android:versionCode
		INJECTED from src\main\AndroidManifest.xml
		INJECTED from src\main\AndroidManifest.xml
uses-sdk
ADDED from src\main\AndroidManifest.xml:7:5-17
MERGED from [com.android.support:multidex:1.0.1] AndroidManifest.xml:18:5-42
MERGED from [com.android.support:design:25.3.1] AndroidManifest.xml:21:5-23:62
MERGED from [com.android.support:appcompat-v7:25.3.1] AndroidManifest.xml:21:5-23:78
MERGED from [com.android.support:animated-vector-drawable:25.3.1] AndroidManifest.xml:20:5-44
MERGED from [com.android.support:support-vector-drawable:25.3.1] AndroidManifest.xml:20:5-43
MERGED from [com.android.support:recyclerview-v7:25.3.1] AndroidManifest.xml:20:5-43
MERGED from [com.android.support:transition:25.3.1] AndroidManifest.xml:20:5-44
MERGED from [com.android.support:support-v4:25.3.1] AndroidManifest.xml:21:5-23:54
MERGED from [com.android.support:support-fragment:25.3.1] AndroidManifest.xml:21:5-23:60
MERGED from [com.android.support:support-media-compat:25.3.1] AndroidManifest.xml:21:5-23:63
MERGED from [com.android.support:support-core-ui:25.3.1] AndroidManifest.xml:21:5-23:58
MERGED from [com.android.support:support-core-utils:25.3.1] AndroidManifest.xml:21:5-23:61
MERGED from [com.android.support:support-compat:25.3.1] AndroidManifest.xml:21:5-23:58
MERGED from [com.android.support.constraint:constraint-layout:1.0.2] AndroidManifest.xml:5:5-7:41
MERGED from [starl:followApp:unspecified] AndroidManifest.xml:8:5-10:41
MERGED from [starl:starLib:unspecified] AndroidManifest.xml:7:5-9:41
MERGED from [starl:dJISDKLIB:unspecified] AndroidManifest.xml:7:5-9:41
	tools:overrideLibrary
		ADDED from [com.android.support:design:25.3.1] AndroidManifest.xml:23:9-59
	android:targetSdkVersion
		INJECTED from src\main\AndroidManifest.xml
		INJECTED from src\main\AndroidManifest.xml
	android:minSdkVersion
		INJECTED from src\main\AndroidManifest.xml
		INJECTED from src\main\AndroidManifest.xml
uses-permission#android.permission.WRITE_EXTERNAL_STORAGE
ADDED from src\main\AndroidManifest.xml:8:5-80
MERGED from [starl:followApp:unspecified] AndroidManifest.xml:12:5-81
MERGED from [starl:starLib:unspecified] AndroidManifest.xml:11:5-81
MERGED from [starl:starLib:unspecified] AndroidManifest.xml:27:5-81
	android:name
		ADDED from src\main\AndroidManifest.xml:8:22-78
uses-permission#android.permission.READ_PHONE_STATE
ADDED from src\main\AndroidManifest.xml:9:5-74
MERGED from [starl:followApp:unspecified] AndroidManifest.xml:13:5-75
MERGED from [starl:starLib:unspecified] AndroidManifest.xml:12:5-75
	android:name
		ADDED from src\main\AndroidManifest.xml:9:22-72
uses-permission#android.permission.ACCESS_WIFI_STATE
ADDED from src\main\AndroidManifest.xml:10:5-75
MERGED from [starl:followApp:unspecified] AndroidManifest.xml:14:5-76
MERGED from [starl:starLib:unspecified] AndroidManifest.xml:13:5-76
	android:name
		ADDED from src\main\AndroidManifest.xml:10:22-73
uses-permission#android.permission.CHANGE_WIFI_STATE
ADDED from src\main\AndroidManifest.xml:11:5-75
MERGED from [starl:followApp:unspecified] AndroidManifest.xml:15:5-76
MERGED from [starl:starLib:unspecified] AndroidManifest.xml:14:5-76
	android:name
		ADDED from src\main\AndroidManifest.xml:11:22-73
uses-permission#android.permission.UPDATE_DEVICE_STATS
ADDED from src\main\AndroidManifest.xml:12:5-77
MERGED from [starl:followApp:unspecified] AndroidManifest.xml:16:5-78
MERGED from [starl:starLib:unspecified] AndroidManifest.xml:15:5-78
	android:name
		ADDED from src\main\AndroidManifest.xml:12:22-75
uses-permission#android.permission.WAKE_LOCK
ADDED from src\main\AndroidManifest.xml:13:5-67
MERGED from [starl:followApp:unspecified] AndroidManifest.xml:17:5-68
MERGED from [starl:starLib:unspecified] AndroidManifest.xml:16:5-68
	android:name
		ADDED from src\main\AndroidManifest.xml:13:22-65
uses-permission#android.permission.INTERNET
ADDED from src\main\AndroidManifest.xml:14:5-66
MERGED from [starl:followApp:unspecified] AndroidManifest.xml:18:5-67
MERGED from [starl:starLib:unspecified] AndroidManifest.xml:17:5-67
	android:name
		ADDED from src\main\AndroidManifest.xml:14:22-64
uses-permission#android.permission.BLUETOOTH
ADDED from src\main\AndroidManifest.xml:15:5-67
MERGED from [starl:followApp:unspecified] AndroidManifest.xml:19:5-68
MERGED from [starl:starLib:unspecified] AndroidManifest.xml:18:5-68
	android:name
		ADDED from src\main\AndroidManifest.xml:15:22-65
uses-permission#android.permission.BLUETOOTH_ADMIN
ADDED from src\main\AndroidManifest.xml:16:5-73
MERGED from [starl:followApp:unspecified] AndroidManifest.xml:20:5-74
MERGED from [starl:starLib:unspecified] AndroidManifest.xml:19:5-74
	android:name
		ADDED from src\main\AndroidManifest.xml:16:22-71
uses-permission#android.permission.VIBRATE
ADDED from src\main\AndroidManifest.xml:17:5-65
MERGED from [starl:followApp:unspecified] AndroidManifest.xml:21:5-66
MERGED from [starl:starLib:unspecified] AndroidManifest.xml:20:5-66
	android:name
		ADDED from src\main\AndroidManifest.xml:17:22-63
uses-permission#android.permission.CAMERA
ADDED from src\main\AndroidManifest.xml:18:5-64
MERGED from [starl:followApp:unspecified] AndroidManifest.xml:22:5-65
MERGED from [starl:starLib:unspecified] AndroidManifest.xml:21:5-65
	android:name
		ADDED from src\main\AndroidManifest.xml:18:22-62
uses-permission#android.permission.ACCESS_COARSE_LOCATION
ADDED from src\main\AndroidManifest.xml:19:5-81
MERGED from [starl:starLib:unspecified] AndroidManifest.xml:22:5-81
	android:name
		ADDED from src\main\AndroidManifest.xml:19:22-78
uses-permission#android.permission.ACCESS_NETWORK_STATE
ADDED from src\main\AndroidManifest.xml:20:5-79
MERGED from [starl:starLib:unspecified] AndroidManifest.xml:24:5-79
	android:name
		ADDED from src\main\AndroidManifest.xml:20:22-76
uses-permission#android.permission.ACCESS_FINE_LOCATION
ADDED from src\main\AndroidManifest.xml:21:5-79
MERGED from [starl:starLib:unspecified] AndroidManifest.xml:25:5-79
	android:name
		ADDED from src\main\AndroidManifest.xml:21:22-76
uses-permission#android.permission.MOUNT_UNMOUNT_FILESYSTEMS
ADDED from src\main\AndroidManifest.xml:22:5-84
MERGED from [starl:starLib:unspecified] AndroidManifest.xml:26:5-84
	android:name
		ADDED from src\main\AndroidManifest.xml:22:22-81
uses-permission#android.permission.READ_EXTERNAL_STORAGE
ADDED from src\main\AndroidManifest.xml:24:5-80
MERGED from [starl:starLib:unspecified] AndroidManifest.xml:28:5-80
	android:name
		ADDED from src\main\AndroidManifest.xml:24:22-77
uses-permission#android.permission.SYSTEM_ALERT_WINDOW
ADDED from src\main\AndroidManifest.xml:25:5-78
MERGED from [starl:starLib:unspecified] AndroidManifest.xml:29:5-78
	android:name
		ADDED from src\main\AndroidManifest.xml:25:22-75
uses-permission#android.permission.READ_LOGS
ADDED from src\main\AndroidManifest.xml:26:5-68
MERGED from [starl:starLib:unspecified] AndroidManifest.xml:30:5-68
	android:name
		ADDED from src\main\AndroidManifest.xml:26:22-65
uses-feature#android.hardware.camera
ADDED from src\main\AndroidManifest.xml:27:5-59
MERGED from [starl:followApp:unspecified] AndroidManifest.xml:24:5-60
MERGED from [starl:starLib:unspecified] AndroidManifest.xml:32:5-60
	android:name
		ADDED from src\main\AndroidManifest.xml:27:19-57
uses-feature#android.hardware.camera.autofocus
ADDED from src\main\AndroidManifest.xml:28:5-69
MERGED from [starl:followApp:unspecified] AndroidManifest.xml:25:5-70
MERGED from [starl:starLib:unspecified] AndroidManifest.xml:33:5-70
	android:name
		ADDED from src\main\AndroidManifest.xml:28:19-67
uses-feature#android.hardware.usb.host
ADDED from src\main\AndroidManifest.xml:29:5-31:36
MERGED from [starl:starLib:unspecified] AndroidManifest.xml:34:5-36:36
	android:required
		ADDED from src\main\AndroidManifest.xml:31:9-33
	android:name
		ADDED from src\main\AndroidManifest.xml:30:9-49
uses-feature#android.hardware.usb.accessory
ADDED from src\main\AndroidManifest.xml:32:5-34:35
MERGED from [starl:starLib:unspecified] AndroidManifest.xml:37:5-39:35
	android:required
		ADDED from src\main\AndroidManifest.xml:34:9-32
	android:name
		ADDED from src\main\AndroidManifest.xml:33:9-54
application
ADDED from src\main\AndroidManifest.xml:37:5-74:19
MERGED from [com.android.support:design:25.3.1] AndroidManifest.xml:29:5-20
MERGED from [com.android.support:appcompat-v7:25.3.1] AndroidManifest.xml:29:5-20
MERGED from [com.android.support:animated-vector-drawable:25.3.1] AndroidManifest.xml:26:5-20
MERGED from [com.android.support:support-vector-drawable:25.3.1] AndroidManifest.xml:26:5-20
MERGED from [com.android.support:transition:25.3.1] AndroidManifest.xml:26:5-20
MERGED from [com.android.support:support-v4:25.3.1] AndroidManifest.xml:29:5-20
MERGED from [com.android.support:support-fragment:25.3.1] AndroidManifest.xml:29:5-20
MERGED from [com.android.support:support-media-compat:25.3.1] AndroidManifest.xml:29:5-20
MERGED from [com.android.support:support-core-ui:25.3.1] AndroidManifest.xml:29:5-20
MERGED from [com.android.support:support-core-utils:25.3.1] AndroidManifest.xml:29:5-20
MERGED from [com.android.support:support-compat:25.3.1] AndroidManifest.xml:29:5-20
MERGED from [com.android.support.constraint:constraint-layout:1.0.2] AndroidManifest.xml:9:5-20
MERGED from [starl:starLib:unspecified] AndroidManifest.xml:41:5-42:19
	android:label
		ADDED from src\main\AndroidManifest.xml:39:9-41
	android:supportsRtl
		ADDED from src\main\AndroidManifest.xml:43:9-35
	android:debuggable
		ADDED from src\main\AndroidManifest.xml:42:9-34
	android:allowBackup
		ADDED from src\main\AndroidManifest.xml:41:9-35
	android:icon
		ADDED from src\main\AndroidManifest.xml:38:9-38
	tools:replace
		ADDED from src\main\AndroidManifest.xml:44:9-38
	android:name
		ADDED from src\main\AndroidManifest.xml:40:9-30
uses-library#com.android.future.usb.accessory
ADDED from src\main\AndroidManifest.xml:47:9-73
	android:name
		ADDED from src\main\AndroidManifest.xml:47:23-70
meta-data#com.dji.sdk.API_KEY
ADDED from src\main\AndroidManifest.xml:48:9-50:56
	android:value
		ADDED from src\main\AndroidManifest.xml:50:13-53
	android:name
		ADDED from src\main\AndroidManifest.xml:49:13-47
activity#dji.sdk.sdkmanager.DJIAoaControllerActivity
ADDED from src\main\AndroidManifest.xml:51:9-60:20
	android:theme
		ADDED from src\main\AndroidManifest.xml:53:13-61
	android:name
		ADDED from src\main\AndroidManifest.xml:52:13-71
intent-filter#android.hardware.usb.action.USB_ACCESSORY_ATTACHED
ADDED from src\main\AndroidManifest.xml:54:13-56:29
action#android.hardware.usb.action.USB_ACCESSORY_ATTACHED
ADDED from src\main\AndroidManifest.xml:55:17-93
	android:name
		ADDED from src\main\AndroidManifest.xml:55:25-90
meta-data#android.hardware.usb.action.USB_ACCESSORY_ATTACHED
ADDED from src\main\AndroidManifest.xml:57:13-59:60
	android:resource
		ADDED from src\main\AndroidManifest.xml:59:17-57
	android:name
		ADDED from src\main\AndroidManifest.xml:58:17-82
service#dji.sdk.sdkmanager.DJIGlobalService
ADDED from src\main\AndroidManifest.xml:61:9-62:19
	android:name
		ADDED from src\main\AndroidManifest.xml:61:18-68
activity#edu.illinois.mitra.template.RobotsActivity
ADDED from src\main\AndroidManifest.xml:65:9-72:20
	android:label
		ADDED from src\main\AndroidManifest.xml:67:13-45
	android:theme
		ADDED from src\main\AndroidManifest.xml:66:13-71
	android:name
		ADDED from src\main\AndroidManifest.xml:65:19-49
intent-filter#android.intent.action.MAIN+android.intent.category.LAUNCHER
ADDED from src\main\AndroidManifest.xml:68:13-71:29
action#android.intent.action.MAIN
ADDED from src\main\AndroidManifest.xml:69:17-69
	android:name
		ADDED from src\main\AndroidManifest.xml:69:25-66
category#android.intent.category.LAUNCHER
ADDED from src\main\AndroidManifest.xml:70:17-77
	android:name
		ADDED from src\main\AndroidManifest.xml:70:27-74
service#com.parrot.arsdk.ardiscovery.ARDiscoveryService
ADDED from src\main\AndroidManifest.xml:73:9-83
	android:name
		ADDED from src\main\AndroidManifest.xml:73:18-80
meta-data#android.support.VERSION
ADDED from [com.android.support:design:25.3.1] AndroidManifest.xml:25:5-27:34
MERGED from [com.android.support:appcompat-v7:25.3.1] AndroidManifest.xml:25:5-27:34
MERGED from [com.android.support:animated-vector-drawable:25.3.1] AndroidManifest.xml:22:5-24:34
MERGED from [com.android.support:support-vector-drawable:25.3.1] AndroidManifest.xml:22:5-24:34
MERGED from [com.android.support:recyclerview-v7:25.3.1] AndroidManifest.xml:22:5-24:34
MERGED from [com.android.support:transition:25.3.1] AndroidManifest.xml:22:5-24:34
MERGED from [com.android.support:support-v4:25.3.1] AndroidManifest.xml:25:5-27:34
MERGED from [com.android.support:support-fragment:25.3.1] AndroidManifest.xml:25:5-27:34
MERGED from [com.android.support:support-media-compat:25.3.1] AndroidManifest.xml:25:5-27:34
MERGED from [com.android.support:support-core-ui:25.3.1] AndroidManifest.xml:25:5-27:34
MERGED from [com.android.support:support-core-utils:25.3.1] AndroidManifest.xml:25:5-27:34
MERGED from [com.android.support:support-compat:25.3.1] AndroidManifest.xml:25:5-27:34
	android:value
		ADDED from [com.android.support:design:25.3.1] AndroidManifest.xml:27:9-31
	android:name
		ADDED from [com.android.support:design:25.3.1] AndroidManifest.xml:26:9-47
uses-permission#android.permission.CHANGE_WIFI_MULTICAST_STATE
ADDED from [starl:starLib:unspecified] AndroidManifest.xml:23:5-86
	android:name
		ADDED from [starl:starLib:unspecified] AndroidManifest.xml:23:22-83